<?xml version="1.0" encoding="UTF-8"?>
<testsuite name="tests.HomeWorkTests" tests="1" skipped="0" failures="0" errors="0" timestamp="2024-01-07T15:42:22" hostname="UK-C02H90PRQ6LW" time="4.855">
  <properties/>
  <testcase name="deleteUserStatusCheck()" classname="tests.HomeWorkTests" time="4.855"/>
  <system-out><![CDATA[Request URI:	https://reqres.in/api/users/2
Request method:	DELETE

]]></system-out>
  <system-err><![CDATA[]]></system-err>
</testsuite>
